<?xml version="1.0" encoding="UTF-8"?>
<!-- Generated by org.testng.reporters.JUnitReportReporter -->
<testsuite hostname="DESKTOP-LQSNFNC" failures="0" tests="2" name="com.runner.CucumberRunnerTests" time="168.053" errors="0" timestamp="2023-12-11T08:33:58 IST" skipped="0">
  <testcase classname="com.runner.CucumberRunnerTests" name="runScenario" time="146.120"/>
  <testcase classname="com.runner.CucumberRunnerTests" name="runScenario" time="21.933"/>
</testsuite> <!-- com.runner.CucumberRunnerTests -->
